<?xml version="1.0" encoding="UTF-8"?>
<!-- Generated by org.testng.reporters.JUnitXMLReporter -->
<testsuite ignored="0" hostname="DESKTOP-P7OQTO0" failures="0" tests="4" name="Default test" time="0.082" errors="0" timestamp="2019-09-18T14:50:33 IST">
  <testcase classname="com.adil.test.SportsClubTest" name="testMembershipFees" time="0.012"/>
  <testcase classname="com.adil.test.SportsClubTest" name="testMembershipFees" time="0.006"/>
  <testcase classname="com.adil.test.SportsClubTest" name="testMembershipFees" time="0.002"/>
  <testcase classname="com.adil.test.SportsClubTest" name="testMembershipFees" time="0.002"/>
</testsuite> <!-- Default test -->
