<?xml version="1.0" encoding="UTF-8"?>
<testng-results ignored="0" total="4" passed="4" failed="0" skipped="0">
  <reporter-output>
  </reporter-output>
  <suite started-at="2019-09-18T14:50:33 IST" name="Default suite" finished-at="2019-09-18T14:50:33 IST" duration-ms="82">
    <groups>
    </groups>
    <test started-at="2019-09-18T14:50:33 IST" name="Default test" finished-at="2019-09-18T14:50:33 IST" duration-ms="82">
      <class name="com.adil.test.SportsClubTest">
        <test-method signature="testMembershipFees(java.lang.String, int, int, int)[pri:0, instance:com.adil.test.SportsClubTest@5ad851c9]" started-at="2019-09-18T14:50:33 IST" name="testMembershipFees" data-provider="membershipFeesTest" finished-at="2019-09-18T14:50:33 IST" duration-ms="12" status="PASS">
          <params>
            <param index="0">
              <value>
                <![CDATA[T1]]>
              </value>
            </param>
            <param index="1">
              <value>
                <![CDATA[5]]>
              </value>
            </param>
            <param index="2">
              <value>
                <![CDATA[3]]>
              </value>
            </param>
            <param index="3">
              <value>
                <![CDATA[0]]>
              </value>
            </param>
          </params>
          <reporter-output>
          </reporter-output>
        </test-method> <!-- testMembershipFees -->
        <test-method signature="testMembershipFees(java.lang.String, int, int, int)[pri:0, instance:com.adil.test.SportsClubTest@5ad851c9]" started-at="2019-09-18T14:50:33 IST" name="testMembershipFees" data-provider="membershipFeesTest" finished-at="2019-09-18T14:50:33 IST" duration-ms="6" status="PASS">
          <params>
            <param index="0">
              <value>
                <![CDATA[T2]]>
              </value>
            </param>
            <param index="1">
              <value>
                <![CDATA[70]]>
              </value>
            </param>
            <param index="2">
              <value>
                <![CDATA[3]]>
              </value>
            </param>
            <param index="3">
              <value>
                <![CDATA[0]]>
              </value>
            </param>
          </params>
          <reporter-output>
          </reporter-output>
        </test-method> <!-- testMembershipFees -->
        <test-method signature="testMembershipFees(java.lang.String, int, int, int)[pri:0, instance:com.adil.test.SportsClubTest@5ad851c9]" started-at="2019-09-18T14:50:33 IST" name="testMembershipFees" data-provider="membershipFeesTest" finished-at="2019-09-18T14:50:33 IST" duration-ms="2" status="PASS">
          <params>
            <param index="0">
              <value>
                <![CDATA[T3]]>
              </value>
            </param>
            <param index="1">
              <value>
                <![CDATA[20]]>
              </value>
            </param>
            <param index="2">
              <value>
                <![CDATA[-1]]>
              </value>
            </param>
            <param index="3">
              <value>
                <![CDATA[0]]>
              </value>
            </param>
          </params>
          <reporter-output>
          </reporter-output>
        </test-method> <!-- testMembershipFees -->
        <test-method signature="testMembershipFees(java.lang.String, int, int, int)[pri:0, instance:com.adil.test.SportsClubTest@5ad851c9]" started-at="2019-09-18T14:50:33 IST" name="testMembershipFees" data-provider="membershipFeesTest" finished-at="2019-09-18T14:50:33 IST" duration-ms="2" status="PASS">
          <params>
            <param index="0">
              <value>
                <![CDATA[T4]]>
              </value>
            </param>
            <param index="1">
              <value>
                <![CDATA[20]]>
              </value>
            </param>
            <param index="2">
              <value>
                <![CDATA[60]]>
              </value>
            </param>
            <param index="3">
              <value>
                <![CDATA[0]]>
              </value>
            </param>
          </params>
          <reporter-output>
          </reporter-output>
        </test-method> <!-- testMembershipFees -->
      </class> <!-- com.adil.test.SportsClubTest -->
    </test> <!-- Default test -->
  </suite> <!-- Default suite -->
</testng-results>
